2020-12-16 11:27:41,091 INFO 282764 [egg:logger] init all loggers with options: {"dir":"E:\\MyRemote\\easywebpack-vue-project\\logs","encoding":"utf8","env":"local","level":"INFO","consoleLevel":"DEBUG","disableConsoleAfterReady":false,"outputJSON":false,"buffer":true,"appLogName":"easywebpack-vue-project-web.log","coreLogName":"egg-web.log","agentLogName":"egg-agent.log","errorLogName":"common-error.log","coreLogger":{"consoleLevel":"WARN"},"allowDebugAtProd":false,"type":"application"}
2020-12-16 11:27:41,126 INFO 282764 [egg-multipart] stream mode enable
2020-12-16 11:27:41,590 INFO 282764 [egg-static] starting static serve /public/ -> E:\MyRemote\easywebpack-vue-project\public
2020-12-16 11:27:41,599 INFO 282764 [egg-security] use csrf middleware
2020-12-16 11:27:41,600 INFO 282764 [egg-security] use methodnoallow middleware
2020-12-16 11:27:41,600 INFO 282764 [egg-security] use noopen middleware
2020-12-16 11:27:41,601 INFO 282764 [egg-security] use nosniff middleware
2020-12-16 11:27:41,603 INFO 282764 [egg-security] use xssProtection middleware
2020-12-16 11:27:41,608 INFO 282764 [egg-security] use dta middleware
2020-12-16 11:27:41,608 INFO 282764 [egg-security] compose 6 middlewares into one security middleware
2020-12-16 11:27:41,624 INFO 282764 [egg:core] dump config after load, 6ms
2020-12-16 11:27:41,636 INFO 282764 [egg-watcher:application] watcher start success
2020-12-16 11:27:41,655 INFO 282764 [egg:core] dump config after ready, 14ms
2020-12-16 11:29:37,731 INFO 270544 [egg:logger] init all loggers with options: {"dir":"E:\\MyRemote\\easywebpack-vue-project\\logs","encoding":"utf8","env":"local","level":"INFO","consoleLevel":"DEBUG","disableConsoleAfterReady":false,"outputJSON":false,"buffer":true,"appLogName":"easywebpack-vue-project-web.log","coreLogName":"egg-web.log","agentLogName":"egg-agent.log","errorLogName":"common-error.log","coreLogger":{"consoleLevel":"WARN"},"allowDebugAtProd":false,"type":"application"}
2020-12-16 11:29:37,761 INFO 270544 [egg-multipart] stream mode enable
2020-12-16 11:29:37,888 INFO 270544 [egg-static] starting static serve /public/ -> E:\MyRemote\easywebpack-vue-project\public
2020-12-16 11:29:37,891 INFO 270544 [egg-security] use csrf middleware
2020-12-16 11:29:37,892 INFO 270544 [egg-security] use methodnoallow middleware
2020-12-16 11:29:37,892 INFO 270544 [egg-security] use noopen middleware
2020-12-16 11:29:37,893 INFO 270544 [egg-security] use nosniff middleware
2020-12-16 11:29:37,894 INFO 270544 [egg-security] use xssProtection middleware
2020-12-16 11:29:37,894 INFO 270544 [egg-security] use dta middleware
2020-12-16 11:29:37,894 INFO 270544 [egg-security] compose 6 middlewares into one security middleware
2020-12-16 11:29:37,933 INFO 270544 [egg:core] dump config after load, 24ms
2020-12-16 11:29:37,987 INFO 270544 [egg-watcher:application] watcher start success
2020-12-16 11:29:37,994 INFO 270544 [egg:core] dump config after ready, 5ms
2020-12-16 11:32:59,846 INFO 285812 [egg:logger] init all loggers with options: {"dir":"E:\\MyRemote\\easywebpack-vue-project\\logs","encoding":"utf8","env":"local","level":"INFO","consoleLevel":"DEBUG","disableConsoleAfterReady":false,"outputJSON":false,"buffer":true,"appLogName":"easywebpack-vue-project-web.log","coreLogName":"egg-web.log","agentLogName":"egg-agent.log","errorLogName":"common-error.log","coreLogger":{"consoleLevel":"WARN"},"allowDebugAtProd":false,"type":"application"}
2020-12-16 11:32:59,874 INFO 285812 [egg-multipart] stream mode enable
2020-12-16 11:32:59,990 INFO 285812 [egg-static] starting static serve /public/ -> E:\MyRemote\easywebpack-vue-project\public
2020-12-16 11:32:59,992 INFO 285812 [egg-security] use csrf middleware
2020-12-16 11:32:59,993 INFO 285812 [egg-security] use methodnoallow middleware
2020-12-16 11:32:59,993 INFO 285812 [egg-security] use noopen middleware
2020-12-16 11:32:59,994 INFO 285812 [egg-security] use nosniff middleware
2020-12-16 11:32:59,994 INFO 285812 [egg-security] use xssProtection middleware
2020-12-16 11:32:59,995 INFO 285812 [egg-security] use dta middleware
2020-12-16 11:32:59,995 INFO 285812 [egg-security] compose 6 middlewares into one security middleware
2020-12-16 11:33:00,040 INFO 285812 [egg:core] dump config after load, 36ms
2020-12-16 11:33:00,052 INFO 285812 [egg-watcher:application] watcher start success
2020-12-16 11:33:00,072 INFO 285812 [egg:core] dump config after ready, 18ms
2020-12-16 11:33:08,360 INFO 286300 [egg:logger] init all loggers with options: {"dir":"E:\\MyRemote\\easywebpack-vue-project\\logs","encoding":"utf8","env":"local","level":"INFO","consoleLevel":"DEBUG","disableConsoleAfterReady":false,"outputJSON":false,"buffer":true,"appLogName":"easywebpack-vue-project-web.log","coreLogName":"egg-web.log","agentLogName":"egg-agent.log","errorLogName":"common-error.log","coreLogger":{"consoleLevel":"WARN"},"allowDebugAtProd":false,"type":"application"}
2020-12-16 11:33:08,393 INFO 286300 [egg-multipart] stream mode enable
2020-12-16 11:33:08,508 INFO 286300 [egg-static] starting static serve /public/ -> E:\MyRemote\easywebpack-vue-project\public
2020-12-16 11:33:08,510 INFO 286300 [egg-security] use csrf middleware
2020-12-16 11:33:08,511 INFO 286300 [egg-security] use methodnoallow middleware
2020-12-16 11:33:08,511 INFO 286300 [egg-security] use noopen middleware
2020-12-16 11:33:08,512 INFO 286300 [egg-security] use nosniff middleware
2020-12-16 11:33:08,512 INFO 286300 [egg-security] use xssProtection middleware
2020-12-16 11:33:08,513 INFO 286300 [egg-security] use dta middleware
2020-12-16 11:33:08,513 INFO 286300 [egg-security] compose 6 middlewares into one security middleware
2020-12-16 11:33:08,546 INFO 286300 [egg:core] dump config after load, 24ms
2020-12-16 11:33:08,587 INFO 286300 [egg-watcher:application] watcher start success
2020-12-16 11:33:08,611 INFO 286300 [egg:core] dump config after ready, 21ms
